<html>
<head>
<title>TestNG:  MMVP-Login</title>
<link href="../testng.css" rel="stylesheet" type="text/css" />
<link href="../my-testng.css" rel="stylesheet" type="text/css" />

<style type="text/css">
.log { display: none;} 
.stack-trace { display: none;} 
</style>
<script type="text/javascript">
<!--
function flip(e) {
  current = e.style.display;
  if (current == 'block') {
    e.style.display = 'none';
    return 0;
  }
  else {
    e.style.display = 'block';
    return 1;
  }
}

function toggleBox(szDivId, elem, msg1, msg2)
{
  var res = -1;  if (document.getElementById) {
    res = flip(document.getElementById(szDivId));
  }
  else if (document.all) {
    // this is the way old msie versions work
    res = flip(document.all[szDivId]);
  }
  if(elem) {
    if(res == 0) elem.innerHTML = msg1; else elem.innerHTML = msg2;
  }

}

function toggleAllBoxes() {
  if (document.getElementsByTagName) {
    d = document.getElementsByTagName('div');
    for (i = 0; i < d.length; i++) {
      if (d[i].className == 'log') {
        flip(d[i]);
      }
    }
  }
}

// -->
</script>

</head>
<body>
<h2 align='center'>MMVP-Login</h2><table border='1' align="center">
<tr>
<td>Tests passed/Failed/Skipped:</td><td>0/1/0</td>
</tr><tr>
<td>Started on:</td><td>Mon Dec 02 14:02:48 IST 2019</td>
</tr>
<tr><td>Total time:</td><td>132 seconds (132066 ms)</td>
</tr><tr>
<td>Included groups:</td><td></td>
</tr><tr>
<td>Excluded groups:</td><td></td>
</tr>
</table><p/>
<small><i>(Hover the method name to see the test class name)</i></small><p/>
<table width='100%' border='1' class='invocation-failed'>
<tr><td colspan='4' align='center'><b>FAILED TESTS</b></td></tr>
<tr><td><b>Test method</b></td>
<td width="30%"><b>Exception</b></td>
<td width="10%"><b>Time (seconds)</b></td>
<td><b>Instance</b></td>
</tr>
<tr>
<td title='com.ssp.regression.insurer.testscripts.US_7330.TC_7330_FullCommMovementQnBProcess()'><b>TC_7330_FullCommMovementQnBProcess</b><br>Test class: com.ssp.regression.insurer.testscripts.US_7330<br>Test method: This test case is designed to test full commission movement during QnB process<br>Parameters: , chrome_XP<br/>
<a href="#Output-215616501" onClick='toggleBox("Output-215616501", this, "Show output", "Hide output");'>Show output</a>

<a href="#Output-215616501" onClick="toggleAllBoxes();">Show all outputs</a>
<div class='log' id="Output-215616501">
&emsp;<div class="test-title"> <strong><font size = "3" color = "#000080">This test case is designed to test full commission movement during QnB process<small><b><i>[chrome_windows]</b></i></small></font> </strong> </div>&emsp;<div><strong>Steps:</strong></div><!-- Report -->&emsp;<br/>
&emsp;<div class="test-title"> <strong><font size = "3" color = "#000080">TC_7330_FullCommMovementQnBProcess [MMVP-Login]</font> </strong> </div>&emsp;<div><strong>Steps:</strong></div>&emsp;<br/>
<div class="test-message">&emsp;<--------------------- Iteration 0 is started -----------------------></div><br/>
<div class="test-event"> <font color="maroon"> <small> &emsp; &emsp;--- 02 Dec 14:03:00 720 - Page URL:: https://ssp-hl-platform-web-sit.ssp-development.com/authgateway/home/login?tenant_id=08d6970c-dbe3-9019-78b8-024d6983a7d7&app_id=4ad08975-4fd7-44f4-98bf-5f5e66ec5435&redirect_url=https:%2f%2fssppureportal-devt.ssp-development.com%2fpure.portaldev2%2fjwtauthprocess.aspx&response_type=code</small> </font> </div><br/>
<div class="test-event"> <font color="maroon"> <small> &emsp; &emsp;--- 02 Dec 14:03:00 722 - <b>0</b> - Page Load Wait: (Sync) - com.ssp.utils.WaitUtils.waitForPageLoad(WaitUtils.java:318)</small> </font> </div><br/>
<div class="test-message">&emsp;Successfully navigated to LoginScreen Page&emsp;</div><br/>
<div class="test-message">&emsp;Value of LoginScreen_Username_fieldLabel: ------->Username</div><br/>
<div class="test-message">&emsp;Value of LoginScreen_Username_id: ------->fldUserName</div><br/>
<div class="test-message">&emsp;Value of LoginScreen_Username_inputType: ------->alphanumeric</div><br/>
<div class="test-message">&emsp;Value of LoginScreen_Username_length: ------->10</div><br/>
<div class="test-message">&emsp;Value of LoginScreen_Username_pathType: ------->css</div><br/>
<div class="test-message">&emsp;Value of LoginScreen_Username_screenShot: ------->false</div><br/>
<div class="test-message">&emsp;Value of LoginScreen_Username_type: ------->textfield</div><br/>
<div class="test-event"> <font color="maroon"> <small> &emsp; &emsp;--- 02 Dec 14:03:01 979 - <b>1</b> - Spinner Load Wait: (Sync) - com.ssp.utils.WaitUtils.waitForSpinner(WaitUtils.java:130)</small> </font> </div><br/>
<div class="test-message">&emsp;Entered text inside Username : admin@blueinsurance.com<br/>
<div class="test-message">&emsp;Value of LoginScreen_Password_fieldLabel: ------->Password</div><br/>
<div class="test-message">&emsp;Value of LoginScreen_Password_id: ------->fldPassword</div><br/>
<div class="test-message">&emsp;Value of LoginScreen_Password_inputType: ------->alphanumeric</div><br/>
<div class="test-message">&emsp;Value of LoginScreen_Password_length: ------->10</div><br/>
<div class="test-message">&emsp;Value of LoginScreen_Password_pathType: ------->css</div><br/>
<div class="test-message">&emsp;Value of LoginScreen_Password_screenShot: ------->true</div><br/>
<div class="test-message">&emsp;Value of LoginScreen_Password_type: ------->textfield</div><br/>
<div class="test-event"> <font color="maroon"> <small> &emsp; &emsp;--- 02 Dec 14:03:03 742 - <b>1</b> - Spinner Load Wait: (Sync) - com.ssp.utils.WaitUtils.waitForSpinner(WaitUtils.java:130)</small> </font> </div><br/>
<div class="test-message">&emsp;Entered text inside Password : Password@2018&emsp;<a href=".\ScreenShot\TC_7330_FullCommMovementQnBProcess_MMVP-Login_1.png" target="_blank" >[ScreenShot]</a></div><br/>
<div class="test-message">&emsp;Value of LoginScreen_SignIn_fieldLabel: ------->SignIn</div><br/>
<div class="test-message">&emsp;Value of LoginScreen_SignIn_id: ------->btnSignIn</div><br/>
<div class="test-message">&emsp;Value of LoginScreen_SignIn_pathType: ------->css</div><br/>
<div class="test-message">&emsp;Value of LoginScreen_SignIn_screenShot: ------->false</div><br/>
<div class="test-message">&emsp;Value of LoginScreen_SignIn_type: ------->buttonJS</div><br/>
<div class="test-event"> <font color="maroon"> <small> &emsp; &emsp;--- 02 Dec 14:03:06 237 - Element is displayed:: [[RemoteWebDriver: chrome on XP (d562e8e56f6b4f5a8b449a377009226b)] -> css selector: #login_button[type='submit']]</small> </font> </div><br/>
<div class="test-message">&emsp;Click button is performed for SignIn<br/>
<div class="test-event"> <font color="maroon"> <small> &emsp; &emsp;--- 02 Dec 14:03:06 934 - Page URL:: https://ssp-hl-platform-web-sit.ssp-development.com/authgateway/home/login?tenant_id=08d6970c-dbe3-9019-78b8-024d6983a7d7&app_id=4ad08975-4fd7-44f4-98bf-5f5e66ec5435&redirect_url=https:%2f%2fssppureportal-devt.ssp-development.com%2fpure.portaldev2%2fjwtauthprocess.aspx&response_type=code</small> </font> </div><br/>
<div class="test-event"> <font color="maroon"> <small> &emsp; &emsp;--- 02 Dec 14:03:06 937 - <b>0</b> - Page Load Wait: (Sync) - com.ssp.utils.WaitUtils.waitForPageLoad(WaitUtils.java:318)</small> </font> </div><br/>
<div class="test-message">&emsp;Successfully navigated to FindClient Page&emsp;</div><br/>
<div class="test-message">&emsp;Value of FindClient_Client Code_fieldLabel: ------->Client Code</div><br/>
<div class="test-message">&emsp;Value of FindClient_Client Code_id: ------->fldClientCode</div><br/>
<div class="test-message">&emsp;Value of FindClient_Client Code_pathType: ------->css</div><br/>
<div class="test-message">&emsp;Value of FindClient_Client Code_screenShot: ------->false</div><br/>
<div class="test-message">&emsp;Value of FindClient_Client Code_type: ------->textfield</div><br/>
<div class="test-event"> <font color="maroon"> <small> &emsp; &emsp;--- 02 Dec 14:03:19 172 - <b>1</b> - Spinner Load Wait: (Sync) - com.ssp.utils.WaitUtils.waitForSpinner(WaitUtils.java:130)</small> </font> </div><br/>
<div class="test-message">&emsp;Entered text inside Client Code : SHARMAQA<br/>
<div class="test-message">&emsp;Value of FindClient_Find Button_fieldLabel: ------->Find Button</div><br/>
<div class="test-message">&emsp;Value of FindClient_Find Button_id: ------->btnFind</div><br/>
<div class="test-message">&emsp;Value of FindClient_Find Button_pathType: ------->css</div><br/>
<div class="test-message">&emsp;Value of FindClient_Find Button_screenShot: ------->false</div><br/>
<div class="test-message">&emsp;Value of FindClient_Find Button_type: ------->Button</div><br/>
<div class="test-event"> <font color="maroon"> <small> &emsp; &emsp;--- 02 Dec 14:03:20 930 - <b>1</b> - Spinner Load Wait: (Sync) - com.ssp.utils.WaitUtils.waitForSpinner(WaitUtils.java:130)</small> </font> </div><br/>
<div class="test-event"> <font color="maroon"> <small> &emsp; &emsp;--- 02 Dec 14:03:23 153 - <b>1</b> - Spinner Load Wait: (Sync) - com.ssp.utils.WaitUtils.waitForSpinner(WaitUtils.java:130)</small> </font> </div><br/>
<div class="test-message">&emsp;Clicked on button Find Button<br/>
<div class="test-message">&emsp;Value of FindClient_Select Button_fieldLabel: ------->Select Button</div><br/>
<div class="test-message">&emsp;Value of FindClient_Select Button_id: ------->btnselectClientInSearch</div><br/>
<div class="test-message">&emsp;Value of FindClient_Select Button_pathType: ------->css</div><br/>
<div class="test-message">&emsp;Value of FindClient_Select Button_screenShot: ------->false</div><br/>
<div class="test-message">&emsp;Value of FindClient_Select Button_type: ------->Button</div><br/>
<div class="test-event"> <font color="maroon"> <small> &emsp; &emsp;--- 02 Dec 14:03:24 208 - <b>1</b> - Spinner Load Wait: (Sync) - com.ssp.utils.WaitUtils.waitForSpinner(WaitUtils.java:130)</small> </font> </div><br/>
<div class="test-event"> <font color="maroon"> <small> &emsp; &emsp;--- 02 Dec 14:03:26 883 - <b>1</b> - Spinner Load Wait: (Sync) - com.ssp.utils.WaitUtils.waitForSpinner(WaitUtils.java:130)</small> </font> </div><br/>
<div class="test-message">&emsp;Clicked on button Select Button<br/>
<div class="test-event"> <font color="maroon"> <small> &emsp; &emsp;--- 02 Dec 14:03:27 073 - Page URL:: https://ssppureportal-devt.ssp-development.com/pure.portaldev2/secure/agent/personalclientdetails.aspx?partykey=29485&code=sharmaqa</small> </font> </div><br/>
<div class="test-event"> <font color="maroon"> <small> &emsp; &emsp;--- 02 Dec 14:03:27 073 - <b>0</b> - Page Load Wait: (Sync) - com.ssp.utils.WaitUtils.waitForPageLoad(WaitUtils.java:318)</small> </font> </div><br/>
<div class="test-result"><br><font color="red"><strong> ViewClientDetails Page did not open up. Site might be down </strong></font> </div>&emsp;<br/>
<div class="test-result"><br><font color="red"><strong> ViewClientDetails Page did not open up. Site might be down. Actual Page title is Personal Client Details. Expected Page title is Corporate Client Details </strong></font> </div>&emsp;<br/>
<div class="test-message">&emsp;Value of ViewClientDetails_SelectProduct_fieldLabel: ------->SelectProduct</div><br/>
<div class="test-message">&emsp;Value of ViewClientDetails_SelectProduct_id: ------->drpSelectProduct</div><br/>
<div class="test-message">&emsp;Value of ViewClientDetails_SelectProduct_pathType: ------->css</div><br/>
<div class="test-message">&emsp;Value of ViewClientDetails_SelectProduct_screenShot: ------->true</div><br/>
<div class="test-message">&emsp;Value of ViewClientDetails_SelectProduct_type: ------->select</div><br/>
<div class="test-event"> <font color="maroon"> <small> &emsp; &emsp;--- 02 Dec 14:04:30 828 - Element is displayed:: [[RemoteWebDriver: chrome on XP (d562e8e56f6b4f5a8b449a377009226b)] -> css selector: select#ctl00_cntMainBody_ctrlNewQuoteImproved_ddlProductlst]</small> </font> </div><br/>
<div class="test-message">&emsp;selected the dropdown SelectProduct option : HIUA Phase 1 GLU&emsp;<a href=".\ScreenShot\TC_7330_FullCommMovementQnBProcess_MMVP-Login_4.png" target="_blank" >[ScreenShot]</a></div><br/>
<div class="test-message">&emsp;Value of ViewClientDetails_New quote Button_fieldLabel: ------->New quote Button</div><br/>
<div class="test-message">&emsp;Value of ViewClientDetails_New quote Button_id: ------->btnNewQuote</div><br/>
<div class="test-message">&emsp;Value of ViewClientDetails_New quote Button_pathType: ------->css</div><br/>
<div class="test-message">&emsp;Value of ViewClientDetails_New quote Button_screenShot: ------->false</div><br/>
<div class="test-message">&emsp;Value of ViewClientDetails_New quote Button_type: ------->Button</div><br/>
<div class="test-event"> <font color="maroon"> <small> &emsp; &emsp;--- 02 Dec 14:04:33 876 - <b>1</b> - Spinner Load Wait: (Sync) - com.ssp.utils.WaitUtils.waitForSpinner(WaitUtils.java:130)</small> </font> </div><br/>
<div class="test-event"> <font color="maroon"> <small> &emsp; &emsp;--- 02 Dec 14:04:38 682 - <b>1</b> - Spinner Load Wait: (Sync) - com.ssp.utils.WaitUtils.waitForSpinner(WaitUtils.java:130)</small> </font> </div><br/>
<div class="test-message">&emsp;Clicked on button New quote Button<br/>
<div class="test-event"> <font color="maroon"> <small> &emsp; &emsp;--- 02 Dec 14:04:38 837 - Page URL:: https://ssppureportal-devt.ssp-development.com/pure.portaldev2/secure/maindetails.aspx?newquote=true</small> </font> </div><br/>
<div class="test-event"> <font color="maroon"> <small> &emsp; &emsp;--- 02 Dec 14:04:38 837 - <b>0</b> - Page Load Wait: (Sync) - com.ssp.utils.WaitUtils.waitForPageLoad(WaitUtils.java:318)</small> </font> </div><br/>
<div class="test-message">&emsp;Successfully navigated to PolicyHeader Page&emsp;</div><br/>
<div class="test-message">&emsp;Value of PolicyHeader_drpBusinessType_fieldLabel: ------->drpBusinessType</div><br/>
<div class="test-message">&emsp;Value of PolicyHeader_drpBusinessType_id: ------->drpBusinessType</div><br/>
<div class="test-message">&emsp;Value of PolicyHeader_drpBusinessType_pathType: ------->css</div><br/>
<div class="test-message">&emsp;Value of PolicyHeader_drpBusinessType_screenShot: ------->false</div><br/>
<div class="test-message">&emsp;Value of PolicyHeader_drpBusinessType_type: ------->select</div><br/>
<div class="test-event"> <font color="maroon"> <small> &emsp; &emsp;--- 02 Dec 14:04:39 087 - Element is displayed:: [[RemoteWebDriver: chrome on XP (d562e8e56f6b4f5a8b449a377009226b)] -> css selector: [name='ctl00_cntMainBody_POLICYHEADER__BUSINESSTYPE']]</small> </font> </div><br/>
<div class="test-message">&emsp;selected the dropdown drpBusinessType option : Direct Business<br/>
<div class="test-message">&emsp;Value of PolicyHeader_spinnerWait_fieldLabel: ------->spinnerWait</div><br/>
<div class="test-message">&emsp;Value of PolicyHeader_spinnerWait_id: ------->spinner</div><br/>
<div class="test-message">&emsp;Value of PolicyHeader_spinnerWait_screenShot: ------->false</div><br/>
<div class="test-message">&emsp;Value of PolicyHeader_spinnerWait_type: ------->selectSpinner</div><br/>
<div class="test-event"> <font color="maroon"> <small> &emsp; &emsp;--- 02 Dec 14:04:40 299 - <b>1</b> - Spinner Load Wait: (Sync) - com.ssp.utils.WaitUtils.waitForSpinner(WaitUtils.java:130)</small> </font> </div><br/>
<div class="test-message">&emsp;Value of PolicyHeader_drpBusinessSource_fieldLabel: ------->drpBusinessSource</div><br/>
<div class="test-message">&emsp;Value of PolicyHeader_drpBusinessSource_id: ------->drpBusinessSource</div><br/>
<div class="test-message">&emsp;Value of PolicyHeader_drpBusinessSource_pathType: ------->css</div><br/>
<div class="test-message">&emsp;Value of PolicyHeader_drpBusinessSource_screenShot: ------->false</div><br/>
<div class="test-message">&emsp;Value of PolicyHeader_drpBusinessSource_type: ------->select</div><br/>
<div class="test-event"> <font color="maroon"> <small> &emsp; &emsp;--- 02 Dec 14:04:40 508 - Element is displayed:: [[RemoteWebDriver: chrome on XP (d562e8e56f6b4f5a8b449a377009226b)] -> css selector: [name='ctl00_cntMainBody_POLICYHEADER__ANALYSISCODE']]</small> </font> </div><br/>
<div class="test-message">&emsp;selected the dropdown drpBusinessSource option : Yellow Pages<br/>
<div class="test-message">&emsp;Value of PolicyHeader_Compliance tab_fieldLabel: ------->Compliance tab</div><br/>
<div class="test-message">&emsp;Value of PolicyHeader_Compliance tab_id: ------->tabCompliance</div><br/>
<div class="test-message">&emsp;Value of PolicyHeader_Compliance tab_pathType: ------->css</div><br/>
<div class="test-message">&emsp;Value of PolicyHeader_Compliance tab_screenShot: ------->false</div><br/>
<div class="test-message">&emsp;Value of PolicyHeader_Compliance tab_type: ------->link</div><br/>
<div class="test-event"> <font color="maroon"> <small> &emsp; &emsp;--- 02 Dec 14:04:41 029 - Element is displayed:: [[RemoteWebDriver: chrome on XP (d562e8e56f6b4f5a8b449a377009226b)] -> css selector: a[href='#tab-compliancedetails']]</small> </font> </div><br/>
<div class="test-message">&emsp;Link clicked Compliance tab : <br/>
<div class="test-message">&emsp;Value of PolicyHeader_CustomerCategory_fieldLabel: ------->CustomerCategory</div><br/>
<div class="test-message">&emsp;Value of PolicyHeader_CustomerCategory_id: ------->drpCustomerCategory</div><br/>
<div class="test-message">&emsp;Value of PolicyHeader_CustomerCategory_pathType: ------->css</div><br/>
<div class="test-message">&emsp;Value of PolicyHeader_CustomerCategory_screenShot: ------->false</div><br/>
<div class="test-message">&emsp;Value of PolicyHeader_CustomerCategory_type: ------->select</div><br/>
<div class="test-event"> <font color="maroon"> <small> &emsp; &emsp;--- 02 Dec 14:04:41 360 - Element is displayed:: [[RemoteWebDriver: chrome on XP (d562e8e56f6b4f5a8b449a377009226b)] -> css selector: #ctl00_cntMainBody_CUSTOMER_CATEGORY]</small> </font> </div><br/>
<div class="test-message">&emsp;selected the dropdown CustomerCategory option : Commercial<br/>
<div class="test-message">&emsp;Value of PolicyHeader_MethodOfSale_fieldLabel: ------->MethodOfSale</div><br/>
<div class="test-message">&emsp;Value of PolicyHeader_MethodOfSale_id: ------->drpMethodOfSale</div><br/>
<div class="test-message">&emsp;Value of PolicyHeader_MethodOfSale_pathType: ------->css</div><br/>
<div class="test-message">&emsp;Value of PolicyHeader_MethodOfSale_screenShot: ------->false</div><br/>
<div class="test-message">&emsp;Value of PolicyHeader_MethodOfSale_type: ------->select</div><br/>
<div class="test-event"> <font color="maroon"> <small> &emsp; &emsp;--- 02 Dec 14:04:41 791 - Element is displayed:: [[RemoteWebDriver: chrome on XP (d562e8e56f6b4f5a8b449a377009226b)] -> css selector: #ctl00_cntMainBody_METHOD_OF_SALE]</small> </font> </div><br/>
<div class="test-message">&emsp;selected the dropdown MethodOfSale option : Non Distance<br/>
<div class="test-message">&emsp;Value of PolicyHeader_TermAgreed_fieldLabel: ------->TermAgreed</div><br/>
<div class="test-message">&emsp;Value of PolicyHeader_TermAgreed_id: ------->drpTermAgreed</div><br/>
<div class="test-message">&emsp;Value of PolicyHeader_TermAgreed_pathType: ------->css</div><br/>
<div class="test-message">&emsp;Value of PolicyHeader_TermAgreed_screenShot: ------->false</div><br/>
<div class="test-message">&emsp;Value of PolicyHeader_TermAgreed_type: ------->select</div><br/>
<div class="test-event"> <font color="maroon"> <small> &emsp; &emsp;--- 02 Dec 14:04:42 213 - Element is displayed:: [[RemoteWebDriver: chrome on XP (d562e8e56f6b4f5a8b449a377009226b)] -> css selector: select#ctl00_cntMainBody_ddlTermsAgreed]</small> </font> </div><br/>
<div class="test-message">&emsp;selected the dropdown TermAgreed option : No<br/>
<div class="test-message">&emsp;Value of PolicyHeader_TypeOfSale_fieldLabel: ------->TypeOfSale</div><br/>
<div class="test-message">&emsp;Value of PolicyHeader_TypeOfSale_id: ------->drpTypeOfSale</div><br/>
<div class="test-message">&emsp;Value of PolicyHeader_TypeOfSale_pathType: ------->css</div><br/>
<div class="test-message">&emsp;Value of PolicyHeader_TypeOfSale_screenShot: ------->false</div><br/>
<div class="test-message">&emsp;Value of PolicyHeader_TypeOfSale_type: ------->select</div><br/>
<div class="test-event"> <font color="maroon"> <small> &emsp; &emsp;--- 02 Dec 14:04:42 637 - Element is displayed:: [[RemoteWebDriver: chrome on XP (d562e8e56f6b4f5a8b449a377009226b)] -> css selector: #ctl00_cntMainBody_TYPE_OF_SALE]</small> </font> </div><br/>
<div class="test-message">&emsp;selected the dropdown TypeOfSale option : Advised<br/>
<div class="test-message">&emsp;Value of PolicyHeader_UnderWriter_fieldLabel: ------->UnderWriter</div><br/>
<div class="test-message">&emsp;Value of PolicyHeader_UnderWriter_id: ------->fldUnderWriter</div><br/>
<div class="test-message">&emsp;Value of PolicyHeader_UnderWriter_pathType: ------->css</div><br/>
<div class="test-message">&emsp;Value of PolicyHeader_UnderWriter_screenShot: ------->true</div><br/>
<div class="test-message">&emsp;Value of PolicyHeader_UnderWriter_type: ------->textfield</div><br/>
<div class="test-event"> <font color="maroon"> <small> &emsp; &emsp;--- 02 Dec 14:04:43 930 - <b>1</b> - Spinner Load Wait: (Sync) - com.ssp.utils.WaitUtils.waitForSpinner(WaitUtils.java:130)</small> </font> </div><br/>
<div class="test-message">&emsp;Entered text inside UnderWriter : Test&emsp;<a href=".\ScreenShot\TC_7330_FullCommMovementQnBProcess_MMVP-Login_5.png" target="_blank" >[ScreenShot]</a></div><br/>
<div class="test-message">&emsp;Value of PolicyHeader_NextButton_fieldLabel: ------->NextButton</div><br/>
<div class="test-message">&emsp;Value of PolicyHeader_NextButton_id: ------->btnNext</div><br/>
<div class="test-message">&emsp;Value of PolicyHeader_NextButton_pathType: ------->css</div><br/>
<div class="test-message">&emsp;Value of PolicyHeader_NextButton_screenShot: ------->false</div><br/>
<div class="test-message">&emsp;Value of PolicyHeader_NextButton_type: ------->Button</div><br/>
<div class="test-event"> <font color="maroon"> <small> &emsp; &emsp;--- 02 Dec 14:04:47 289 - <b>1</b> - Spinner Load Wait: (Sync) - com.ssp.utils.WaitUtils.waitForSpinner(WaitUtils.java:130)</small> </font> </div><br/>
<div class="test-event"> <font color="maroon"> <small> &emsp; &emsp;--- 02 Dec 14:04:55 927 - <b>1</b> - Spinner Load Wait: (Sync) - com.ssp.utils.WaitUtils.waitForSpinner(WaitUtils.java:130)</small> </font> </div><br/>
<div class="test-message">&emsp;Clicked on button NextButton<br/>
<div class="test-message">&emsp;Value of PolicyHeader_spinnerWait_fieldLabel: ------->spinnerWait</div><br/>
<div class="test-message">&emsp;Value of PolicyHeader_spinnerWait_id: ------->spinner</div><br/>
<div class="test-message">&emsp;Value of PolicyHeader_spinnerWait_screenShot: ------->false</div><br/>
<div class="test-message">&emsp;Value of PolicyHeader_spinnerWait_type: ------->selectSpinner</div><br/>
<div class="test-event"> <font color="maroon"> <small> &emsp; &emsp;--- 02 Dec 14:04:56 990 - <b>1</b> - Spinner Load Wait: (Sync) - com.ssp.utils.WaitUtils.waitForSpinner(WaitUtils.java:130)</small> </font> </div><br/>
<div class="test-message">&emsp;Value of PolicyHeader_Insured_General_GuestHouse_fieldLabel: ------->Insured_General_GuestHouse</div><br/>
<div class="test-message">&emsp;Value of PolicyHeader_Insured_General_GuestHouse_id: ------->fieldInsuredGeneralGuestHouse</div><br/>
<div class="test-message">&emsp;Value of PolicyHeader_Insured_General_GuestHouse_pathType: ------->css</div><br/>
<div class="test-message">&emsp;Value of PolicyHeader_Insured_General_GuestHouse_screenShot: ------->false</div><br/>
<div class="test-message">&emsp;Value of PolicyHeader_Insured_General_GuestHouse_type: ------->textfield</div><br/>
<div class="test-event"> <font color="maroon"> <small> &emsp; &emsp;--- 02 Dec 14:04:58 056 - <b>1</b> - Spinner Load Wait: (Sync) - com.ssp.utils.WaitUtils.waitForSpinner(WaitUtils.java:130)</small> </font> </div><br/>
<!--FAIL--><br/>
<div class="test-result"><br><font color="red"><strong> Error while entering text inInsured_General_GuestHouse </strong></font> </div>&emsp;<br/>
<div class="test-result"><br><font color="red"><strong> java.lang.Exception: java.lang.Exception: java.lang.Exception: No Element Found to enter textorg.openqa.selenium.NoSuchElementException: no such element: Unable to locate element: {"method":"css selector","selector":"#ctl00_cntMainBody_GENERAL_DETAILS__Insured"} </strong></font> <a href=".\ScreenShot\TC_7330_FullCommMovementQnBProcess_MMVP-Login_6.png" target="_blank" >[ScreenShot]</a></div>&emsp;<br/>
<!--FAIL--><br/>
<div class="test-result"><br><font color="red"><strong> Test Failed </strong></font> </div>&emsp;<br/>
</div>
</td>
<td><div><pre>java.lang.Exception: java.lang.Exception: java.lang.Exception: java.lang.Exception: No Element Found to enter textorg.openqa.selenium.NoSuchElementException: no such element: Unable to locate element: {&quot;method&quot;:&quot;css selector&quot;,&quot;selector&quot;:&quot;#ctl00_cntMainBody_GENERAL_DETAILS__Insured&quot;}
  (Session info: chrome=78.0.3904.108)
  (Driver info: chromedriver=2.42.591088 (7b2b2dca23cca0862f674758c9a3933e685c27d5),platform=Windows NT 10.0.10240 x86_64) (WARNING: The server did not provide any stacktrace information)
Command duration or timeout: 47 milliseconds
For documentation on this error, please visit: http://seleniumhq.org/exceptions/no_such_element.html
Build info: version: &apos;2.52.0&apos;, revision: &apos;4c2593cfc3689a7fcd7be52549167e5ccc93ad28&apos;, time: &apos;2016-02-11 11:22:43&apos;
System info: host: &apos;IN00455&apos;, ip: &apos;192.168.73.24&apos;, os.name: &apos;Windows 10&apos;, os.arch: &apos;amd64&apos;, os.version: &apos;10.0&apos;, java.version: &apos;1.8.0_221&apos;
Driver info: org.openqa.selenium.remote.RemoteWebDriver
Capabilities [{mobileEmulationEnabled=false, hasTouchScreen=false, platform=XP, acceptSslCerts=false, goog:chromeOptions={debuggerAddress=localhost:62474}, acceptInsecureCerts=false, webStorageEnabled=true, browserName=chrome, takesScreenshot=true, javascriptEnabled=true, setWindowRect=true, unexpectedAlertBehaviour=, applicationCacheEnabled=false, rotatable=false, networkConnectionEnabled=false, chrome={chromedriverVersion=2.42.591088 (7b2b2dca23cca0862f674758c9a3933e685c27d5), userDataDir=C:\Users\SANDEE~1.SHA\AppData\Local\Temp\scoped_dir48572_11455}, takesHeapSnapshot=true, pageLoadStrategy=normal, databaseEnabled=false, handlesAlerts=true, version=78.0.3904.108, browserConnectionEnabled=false, nativeEvents=true, locationContextEnabled=true, cssSelectorsEnabled=true}]
Session ID: d562e8e56f6b4f5a8b449a377009226b
*** Element info: {Using=css selector, value=#ctl00_cntMainBody_GENERAL_DETAILS__Insured}
	at com.ssp.uxp_pages.GetTestData.getObjectXmlData(GetTestData.java:229)
	at com.ssp.regression.insurer.testscripts.US_7330.TC_7330_FullCommMovementQnBProcess(US_7330.java:46)
	at sun.reflect.NativeMethodAccessorImpl.invoke0(Native Method)
	at sun.reflect.NativeMethodAccessorImpl.invoke(Unknown Source)
	at sun.reflect.DelegatingMethodAccessorImpl.invoke(Unknown Source)
	at java.lang.reflect.Method.invoke(Unknown Source)
	at org.testng.internal.MethodInvocationHelper.invokeMethod(MethodInvocationHelper.java:124)
	at org.testng.internal.Invoker.invokeMethod(Invoker.java:580)
	at org.testng.internal.Invoker.invokeTestMethod(Invoker.java:716)
	at org.testng.internal.TestMethodWithDataProviderMethodWorker.call(TestMethodWithDataProviderMethodWorker.java:71)
	at org.testng.internal.TestMethodWithDataProviderMethodWorker.call(TestMethodWithDataProviderMethodWorker.java:14)
	at java.util.concurrent.FutureTask.run(Unknown Source)
	at java.util.concurrent.Executors$RunnableAdapter.call(Unknown Source)
	at java.util.concurrent.FutureTask.run(Unknown Source)
	at java.util.concurrent.ThreadPoolExecutor.runWorker(Unknown Source)
	at java.util.concurrent.ThreadPoolExecutor$Worker.run(Unknown Source)
	at java.lang.Thread.run(Unknown Source)
Caused by: java.lang.Exception: java.lang.Exception: java.lang.Exception: No Element Found to enter textorg.openqa.selenium.NoSuchElementException: no such element: Unable to locate element: {&quot;method&quot;:&quot;css selector&quot;,&quot;selector&quot;:&quot;#ctl00_cntMainBody_GENERAL_DETAILS__Insured&quot;}
  (Session info: chrome=78.0.3904.108)
  (Driver info: chromedriver=2.42.591088 (7b2b2dca23cca0862f674758c9a3933e685c27d5),platform=Windows NT 10.0.10240 x86_64) (WARNING: The server did not provide any stacktrace information)
Command duration or timeout: 47 milliseconds
For documentation on this error, please visit: http://seleniumhq.org/exceptions/no_such_element.html
Build info: version: &apos;2.52.0&apos;, revision: &apos;4c2593cfc3689a7fcd7be52549167e5ccc93ad28&apos;, time: &apos;2016-02-11 11:22:43&apos;
System info: host: &apos;IN00455&apos;, ip: &apos;192.168.73.24&apos;, os.name: &apos;Windows 10&apos;, os.arch: &apos;amd64&apos;, os.version: &apos;10.0&apos;, java.version: &apos;1.8.0_221&apos;
Driver info: org.openqa.selenium.remote.RemoteWebDriver
Capabilities [{mobileEmulationEnabled=false, hasTouchScreen=false, platform=XP, acceptSslCerts=false, goog:chromeOptions={debuggerAddress=localhost:62474}, acceptInsecureCerts=false, webStorageEnabled=true, browserName=chrome, takesScreenshot=true, javascriptEnabled=true, setWindowRect=true, unexpectedAlertBehaviour=, applicationCacheEnabled=false, rotatable=false, networkConnectionEnabled=false, chrome={chromedriverVersion=2.42.591088 (7b2b2dca23cca0862f674758c9a3933e685c27d5), userDataDir=C:\Users\SANDEE~1.SHA\AppData\Local\Temp\scoped_dir48572_11455}, takesHeapSnapshot=true, pageLoadStrategy=normal, databaseEnabled=false, handlesAlerts=true, version=78.0.3904.108, browserConnectionEnabled=false, nativeEvents=true, locationContextEnabled=true, cssSelectorsEnabled=true}]
Session ID: d562e8e56f6b4f5a8b449a377009226b
*** Element info: {Using=css selector, value=#ctl00_cntMainBody_GENERAL_DETAILS__Insured}
	at com.ssp.uxp_pages.GetTestData.printnote(GetTestData.java:328)
	at com.ssp.uxp_pages.GetTestData.getObjectXmlData(GetTestData.java:223)
	... 16 more
Caused by: java.lang.Exception: java.lang.Exception: No Element Found to enter textorg.openqa.selenium.NoSuchElementException: no such element: Unable to locate element: {&quot;method&quot;:&quot;css selector&quot;,&quot;selector&quot;:&quot;#ctl00_cntMainBody_GENERAL_DETAILS__Insured&quot;}
  (Session info: chrome=78.0.3904.108)
  (Driver info: chromedriver=2.42.591088 (7b2b2dca23cca0862f674758c9a3933e685c27d5),platform=Windows NT 10.0.10240 x86_64) (WARNING: The server did not provide any stacktrace information)
Command duration or timeout: 47 milliseconds
For documentation on this error, please visit: http://seleniumhq.org/exceptions/no_such_element.html
Build info: version: &apos;2.52.0&apos;, revision: &apos;4c2593cfc3689a7fcd7be52549167e5ccc93ad28&apos;, time: &apos;2016-02-11 11:22:43&apos;
System info: host: &apos;IN00455&apos;, ip: &apos;192.168.73.24&apos;, os.name: &apos;Windows 10&apos;, os.arch: &apos;amd64&apos;, os.version: &apos;10.0&apos;, java.version: &apos;1.8.0_221&apos;
Driver info: org.openqa.selenium.remote.RemoteWebDriver
Capabilities [{mobileEmulationEnabled=false, hasTouchScreen=false, platform=XP, acceptSslCerts=false, goog:chromeOptions={debuggerAddress=localhost:62474}, acceptInsecureCerts=false, webStorageEnabled=true, browserName=chrome, takesScreenshot=true, javascriptEnabled=true, setWindowRect=true, unexpectedAlertBehaviour=, applicationCacheEnabled=false, rotatable=false, networkConnectionEnabled=false, chrome={chromedriverVersion=2.42.591088 (7b2b2dca23cca0862f674758c9a3933e685c27d5), userDataDir=C:\Users\SANDEE~1.SHA\AppData\Local\Temp\scoped_dir48572_11455}, takesHeapSnapshot=true, pageLoadStrategy=normal, databaseEnabled=false, handlesAlerts=true, version=78.0.3904.108, browserConnectionEnabled=false, nativeEvents=true, locationContextEnabled=true, cssSelectorsEnabled=true}]
Session ID: d562e8e56f6b4f5a8b449a377009226b
*** Element info: {Using=css selector, value=#ctl00_cntMainBody_GENERAL_DETAILS__Insured}
	at com.ssp.uxp_pages.GetTestData.printnote(GetTestData.java:328)
	at com.ssp.uxp_pages.GetTestData.printnote(GetTestData.java:321)
	... 17 more
Caused by: java.lang.Exception: No Element Found to enter textorg.openqa.selenium.NoSuchElementException: no such element: Unable to locate element: {&quot;method&quot;:&quot;css selector&quot;,&quot;selector&quot;:&quot;#ctl00_cntMainBody_GENERAL_DETAILS__Insured&quot;}
  (Session info: chrome=78.0.3904.108)
  (Driver info: chromedriver=2.42.591088 (7b2b2dca23cca0862f674758c9a3933e685c27d5),platform=Windows NT 10.0.10240 x86_64) (WARNING: The server did not provide any stacktrace information)
Command duration or timeout: 47 milliseconds
For documentation on this error, please visit: http://seleniumhq.org/exceptions/no_such_element.html
Build info: version: &apos;2.52.0&apos;, revision: &apos;4c2593cfc3689a7fcd7be52549167e5ccc93ad28&apos;, time: &apos;2016-02-11 11:22:43&apos;
System info: host: &apos;IN00455&apos;, ip: &apos;192.168.73.24&apos;, os.name: &apos;Windows 10&apos;, os.arch: &apos;amd64&apos;, os.version: &apos;10.0&apos;, java.version: &apos;1.8.0_221&apos;
Driver info: org.openqa.selenium.remote.RemoteWebDriver
Capabilities [{mobileEmulationEnabled=false, hasTouchScreen=false, platform=XP, acceptSslCerts=false, goog:chromeOptions={debuggerAddress=localhost:62474}, acceptInsecureCerts=false, webStorageEnabled=true, browserName=chrome, takesScreenshot=true, javascriptEnabled=true, setWindowRect=true, unexpectedAlertBehaviour=, applicationCacheEnabled=false, rotatable=false, networkConnectionEnabled=false, chrome={chromedriverVersion=2.42.591088 (7b2b2dca23cca0862f674758c9a3933e685c27d5), userDataDir=C:\Users\SANDEE~1.SHA\AppData\Local\Temp\scoped_dir48572_11455}, takesHeapSnapshot=true, pageLoadStrategy=normal, databaseEnabled=false, handlesAlerts=true, version=78.0.3904.108, browserConnectionEnabled=false, nativeEvents=true, locationContextEnabled=true, cssSelectorsEnabled=true}]
Session ID: d562e8e56f6b4f5a8b449a377009226b
*** Element info: {Using=css selector, value=#ctl00_cntMainBody_GENERAL_DETAILS__Insured}
	at com.ssp.uxp_pages.ActionKeyword.enterTextUsingActionsClass(ActionKeyword.java:853)
	at com.ssp.uxp_pages.ActionKeyword.performActionBasedOnFieldType(ActionKeyword.java:132)
	at com.ssp.uxp_pages.GetTestData.printnote(GetTestData.java:316)
	... 18 more
</pre></div><a href='#' onClick='toggleBox("stack-trace215616501", this, "Click to show all stack frames", "Click to hide stack frames")'>Click to show all stack frames</a>
<div class='stack-trace' id='stack-trace215616501'><pre>java.lang.Exception: java.lang.Exception: java.lang.Exception: java.lang.Exception: No Element Found to enter textorg.openqa.selenium.NoSuchElementException: no such element: Unable to locate element: {&quot;method&quot;:&quot;css selector&quot;,&quot;selector&quot;:&quot;#ctl00_cntMainBody_GENERAL_DETAILS__Insured&quot;}
  (Session info: chrome=78.0.3904.108)
  (Driver info: chromedriver=2.42.591088 (7b2b2dca23cca0862f674758c9a3933e685c27d5),platform=Windows NT 10.0.10240 x86_64) (WARNING: The server did not provide any stacktrace information)
Command duration or timeout: 47 milliseconds
For documentation on this error, please visit: http://seleniumhq.org/exceptions/no_such_element.html
Build info: version: &apos;2.52.0&apos;, revision: &apos;4c2593cfc3689a7fcd7be52549167e5ccc93ad28&apos;, time: &apos;2016-02-11 11:22:43&apos;
System info: host: &apos;IN00455&apos;, ip: &apos;192.168.73.24&apos;, os.name: &apos;Windows 10&apos;, os.arch: &apos;amd64&apos;, os.version: &apos;10.0&apos;, java.version: &apos;1.8.0_221&apos;
Driver info: org.openqa.selenium.remote.RemoteWebDriver
Capabilities [{mobileEmulationEnabled=false, hasTouchScreen=false, platform=XP, acceptSslCerts=false, goog:chromeOptions={debuggerAddress=localhost:62474}, acceptInsecureCerts=false, webStorageEnabled=true, browserName=chrome, takesScreenshot=true, javascriptEnabled=true, setWindowRect=true, unexpectedAlertBehaviour=, applicationCacheEnabled=false, rotatable=false, networkConnectionEnabled=false, chrome={chromedriverVersion=2.42.591088 (7b2b2dca23cca0862f674758c9a3933e685c27d5), userDataDir=C:\Users\SANDEE~1.SHA\AppData\Local\Temp\scoped_dir48572_11455}, takesHeapSnapshot=true, pageLoadStrategy=normal, databaseEnabled=false, handlesAlerts=true, version=78.0.3904.108, browserConnectionEnabled=false, nativeEvents=true, locationContextEnabled=true, cssSelectorsEnabled=true}]
Session ID: d562e8e56f6b4f5a8b449a377009226b
*** Element info: {Using=css selector, value=#ctl00_cntMainBody_GENERAL_DETAILS__Insured}
	at com.ssp.uxp_pages.GetTestData.getObjectXmlData(GetTestData.java:229)
	at com.ssp.regression.insurer.testscripts.US_7330.TC_7330_FullCommMovementQnBProcess(US_7330.java:46)
	at sun.reflect.NativeMethodAccessorImpl.invoke0(Native Method)
	at sun.reflect.NativeMethodAccessorImpl.invoke(Unknown Source)
	at sun.reflect.DelegatingMethodAccessorImpl.invoke(Unknown Source)
	at java.lang.reflect.Method.invoke(Unknown Source)
	at org.testng.internal.MethodInvocationHelper.invokeMethod(MethodInvocationHelper.java:124)
	at org.testng.internal.Invoker.invokeMethod(Invoker.java:580)
	at org.testng.internal.Invoker.invokeTestMethod(Invoker.java:716)
	at org.testng.internal.TestMethodWithDataProviderMethodWorker.call(TestMethodWithDataProviderMethodWorker.java:71)
	at org.testng.internal.TestMethodWithDataProviderMethodWorker.call(TestMethodWithDataProviderMethodWorker.java:14)
	at java.util.concurrent.FutureTask.run(Unknown Source)
	at java.util.concurrent.Executors$RunnableAdapter.call(Unknown Source)
	at java.util.concurrent.FutureTask.run(Unknown Source)
	at java.util.concurrent.ThreadPoolExecutor.runWorker(Unknown Source)
	at java.util.concurrent.ThreadPoolExecutor$Worker.run(Unknown Source)
	at java.lang.Thread.run(Unknown Source)
Caused by: java.lang.Exception: java.lang.Exception: java.lang.Exception: No Element Found to enter textorg.openqa.selenium.NoSuchElementException: no such element: Unable to locate element: {&quot;method&quot;:&quot;css selector&quot;,&quot;selector&quot;:&quot;#ctl00_cntMainBody_GENERAL_DETAILS__Insured&quot;}
  (Session info: chrome=78.0.3904.108)
  (Driver info: chromedriver=2.42.591088 (7b2b2dca23cca0862f674758c9a3933e685c27d5),platform=Windows NT 10.0.10240 x86_64) (WARNING: The server did not provide any stacktrace information)
Command duration or timeout: 47 milliseconds
For documentation on this error, please visit: http://seleniumhq.org/exceptions/no_such_element.html
Build info: version: &apos;2.52.0&apos;, revision: &apos;4c2593cfc3689a7fcd7be52549167e5ccc93ad28&apos;, time: &apos;2016-02-11 11:22:43&apos;
System info: host: &apos;IN00455&apos;, ip: &apos;192.168.73.24&apos;, os.name: &apos;Windows 10&apos;, os.arch: &apos;amd64&apos;, os.version: &apos;10.0&apos;, java.version: &apos;1.8.0_221&apos;
Driver info: org.openqa.selenium.remote.RemoteWebDriver
Capabilities [{mobileEmulationEnabled=false, hasTouchScreen=false, platform=XP, acceptSslCerts=false, goog:chromeOptions={debuggerAddress=localhost:62474}, acceptInsecureCerts=false, webStorageEnabled=true, browserName=chrome, takesScreenshot=true, javascriptEnabled=true, setWindowRect=true, unexpectedAlertBehaviour=, applicationCacheEnabled=false, rotatable=false, networkConnectionEnabled=false, chrome={chromedriverVersion=2.42.591088 (7b2b2dca23cca0862f674758c9a3933e685c27d5), userDataDir=C:\Users\SANDEE~1.SHA\AppData\Local\Temp\scoped_dir48572_11455}, takesHeapSnapshot=true, pageLoadStrategy=normal, databaseEnabled=false, handlesAlerts=true, version=78.0.3904.108, browserConnectionEnabled=false, nativeEvents=true, locationContextEnabled=true, cssSelectorsEnabled=true}]
Session ID: d562e8e56f6b4f5a8b449a377009226b
*** Element info: {Using=css selector, value=#ctl00_cntMainBody_GENERAL_DETAILS__Insured}
	at com.ssp.uxp_pages.GetTestData.printnote(GetTestData.java:328)
	at com.ssp.uxp_pages.GetTestData.getObjectXmlData(GetTestData.java:223)
	... 16 more
Caused by: java.lang.Exception: java.lang.Exception: No Element Found to enter textorg.openqa.selenium.NoSuchElementException: no such element: Unable to locate element: {&quot;method&quot;:&quot;css selector&quot;,&quot;selector&quot;:&quot;#ctl00_cntMainBody_GENERAL_DETAILS__Insured&quot;}
  (Session info: chrome=78.0.3904.108)
  (Driver info: chromedriver=2.42.591088 (7b2b2dca23cca0862f674758c9a3933e685c27d5),platform=Windows NT 10.0.10240 x86_64) (WARNING: The server did not provide any stacktrace information)
Command duration or timeout: 47 milliseconds
For documentation on this error, please visit: http://seleniumhq.org/exceptions/no_such_element.html
Build info: version: &apos;2.52.0&apos;, revision: &apos;4c2593cfc3689a7fcd7be52549167e5ccc93ad28&apos;, time: &apos;2016-02-11 11:22:43&apos;
System info: host: &apos;IN00455&apos;, ip: &apos;192.168.73.24&apos;, os.name: &apos;Windows 10&apos;, os.arch: &apos;amd64&apos;, os.version: &apos;10.0&apos;, java.version: &apos;1.8.0_221&apos;
Driver info: org.openqa.selenium.remote.RemoteWebDriver
Capabilities [{mobileEmulationEnabled=false, hasTouchScreen=false, platform=XP, acceptSslCerts=false, goog:chromeOptions={debuggerAddress=localhost:62474}, acceptInsecureCerts=false, webStorageEnabled=true, browserName=chrome, takesScreenshot=true, javascriptEnabled=true, setWindowRect=true, unexpectedAlertBehaviour=, applicationCacheEnabled=false, rotatable=false, networkConnectionEnabled=false, chrome={chromedriverVersion=2.42.591088 (7b2b2dca23cca0862f674758c9a3933e685c27d5), userDataDir=C:\Users\SANDEE~1.SHA\AppData\Local\Temp\scoped_dir48572_11455}, takesHeapSnapshot=true, pageLoadStrategy=normal, databaseEnabled=false, handlesAlerts=true, version=78.0.3904.108, browserConnectionEnabled=false, nativeEvents=true, locationContextEnabled=true, cssSelectorsEnabled=true}]
Session ID: d562e8e56f6b4f5a8b449a377009226b
*** Element info: {Using=css selector, value=#ctl00_cntMainBody_GENERAL_DETAILS__Insured}
	at com.ssp.uxp_pages.GetTestData.printnote(GetTestData.java:328)
	at com.ssp.uxp_pages.GetTestData.printnote(GetTestData.java:321)
	... 17 more
Caused by: java.lang.Exception: No Element Found to enter textorg.openqa.selenium.NoSuchElementException: no such element: Unable to locate element: {&quot;method&quot;:&quot;css selector&quot;,&quot;selector&quot;:&quot;#ctl00_cntMainBody_GENERAL_DETAILS__Insured&quot;}
  (Session info: chrome=78.0.3904.108)
  (Driver info: chromedriver=2.42.591088 (7b2b2dca23cca0862f674758c9a3933e685c27d5),platform=Windows NT 10.0.10240 x86_64) (WARNING: The server did not provide any stacktrace information)
Command duration or timeout: 47 milliseconds
For documentation on this error, please visit: http://seleniumhq.org/exceptions/no_such_element.html
Build info: version: &apos;2.52.0&apos;, revision: &apos;4c2593cfc3689a7fcd7be52549167e5ccc93ad28&apos;, time: &apos;2016-02-11 11:22:43&apos;
System info: host: &apos;IN00455&apos;, ip: &apos;192.168.73.24&apos;, os.name: &apos;Windows 10&apos;, os.arch: &apos;amd64&apos;, os.version: &apos;10.0&apos;, java.version: &apos;1.8.0_221&apos;
Driver info: org.openqa.selenium.remote.RemoteWebDriver
Capabilities [{mobileEmulationEnabled=false, hasTouchScreen=false, platform=XP, acceptSslCerts=false, goog:chromeOptions={debuggerAddress=localhost:62474}, acceptInsecureCerts=false, webStorageEnabled=true, browserName=chrome, takesScreenshot=true, javascriptEnabled=true, setWindowRect=true, unexpectedAlertBehaviour=, applicationCacheEnabled=false, rotatable=false, networkConnectionEnabled=false, chrome={chromedriverVersion=2.42.591088 (7b2b2dca23cca0862f674758c9a3933e685c27d5), userDataDir=C:\Users\SANDEE~1.SHA\AppData\Local\Temp\scoped_dir48572_11455}, takesHeapSnapshot=true, pageLoadStrategy=normal, databaseEnabled=false, handlesAlerts=true, version=78.0.3904.108, browserConnectionEnabled=false, nativeEvents=true, locationContextEnabled=true, cssSelectorsEnabled=true}]
Session ID: d562e8e56f6b4f5a8b449a377009226b
*** Element info: {Using=css selector, value=#ctl00_cntMainBody_GENERAL_DETAILS__Insured}
	at com.ssp.uxp_pages.ActionKeyword.enterTextUsingActionsClass(ActionKeyword.java:853)
	at com.ssp.uxp_pages.ActionKeyword.performActionBasedOnFieldType(ActionKeyword.java:132)
	at com.ssp.uxp_pages.GetTestData.printnote(GetTestData.java:316)
	... 18 more
</pre></div></td>
<td>126</td>
<td>com.ssp.regression.insurer.testscripts.US_7330@5e57643e</td></tr>
</table><p>
</body>
</html>